Content-Type: text/plain; charset="utf-8"
MIME-Version: 1.0
Content-Transfer-Encoding: 8bit
Subject: 
 =?utf-8?b?0J/QvtC00L/QuNGB0LrQsCDQvdCwINGA0LDRgdGB0YvQu9C60YMuINCSINCf0Jg=?=
 =?utf-8?b?0KHQrNCc0JUg0KfQmNCi0JDQldCc0J4sINCSINCk0JDQmdCb0JUgLSDQndCV0Kc=?=
 =?utf-8?b?0JjQotCQ0JXQnNCe?=
From: gaidysheff@yandex.ru
To: gaidysheff@mail.ru
Date: Fri, 16 Sep 2022 18:11:50 -0000
Message-ID: <166335191095.4788.16790344034383051225@GAMEPC>

ПРОВЕРКА СОХРАНЯЕМОСТИ В ФАЙЛ. SUBJECT - НЕЧИТАЕМЫЙ
-------------------------------------------------------------------------------
Content-Type: text/plain; charset="utf-8"
MIME-Version: 1.0
Content-Transfer-Encoding: 8bit
Subject: 
 =?utf-8?b?0J/QvtC00L/QuNGB0LrQsCDQvdCwINGA0LDRgdGB0YvQu9C60YMuINCSINCf0Jg=?=
 =?utf-8?b?0KHQrNCc0JUg0KfQmNCi0JDQldCc0J4sINCSINCk0JDQmdCb0JUgLSDQndCV0Kc=?=
 =?utf-8?b?0JjQotCQ0JXQnNCe?=
From: gaidysheff@yandex.ru
To: gaidysheff@gmail.com
Date: Fri, 16 Sep 2022 18:11:50 -0000
Message-ID: <166335191095.4788.269838561501565752@GAMEPC>

ПРОВЕРКА СОХРАНЯЕМОСТИ В ФАЙЛ. SUBJECT - НЕЧИТАЕМЫЙ
-------------------------------------------------------------------------------
