Content-Type: multipart/alternative;
 boundary="===============0561560603048522514=="
MIME-Version: 1.0
Subject: 
 =?utf-8?b?0J3QvtCy0LDRjyDRgdGC0LDRgtGM0Y8g0L7RgiDQsNCy0YLQvtGA0LAgdXNlcjFA?=
 =?utf-8?b?ZXhhbXBsZS5jb20g0LjQtyDQutCw0YLQtdCz0L7RgNC40Lgg0KLQsNC90LrQuA==?=
From: gaidysheff@yandex.ru
To: gaidysheff@mail.ru, user1@example.com
Date: Tue, 04 Oct 2022 11:04:11 -0000
Message-ID: <166488145144.13828.1799459378481958131@GAMEPC>

--===============0561560603048522514==
Content-Type: text/html; charset="utf-8"
MIME-Version: 1.0
Content-Transfer-Encoding: 8bit

<!DOCTYPE html>
<html lang="en">
  <head>
    <meta charset="UTF-8" />
    <meta name="viewport" content="width=device-width, initial-scale=1.0" />
    <title>Новость</title>
  </head>
  <body>
    <h1>
      Новая статья от автора  из категории 
    </h1>
    <p></p>

    <p>
      <a href="http://127.0.0.1:8000"
        >Перейти на статью</a
      >
    </p>
  </body>
</html>

--===============0561560603048522514==--

-------------------------------------------------------------------------------
