Content-Type: text/plain; charset="utf-8"
MIME-Version: 1.0
Content-Transfer-Encoding: 8bit
Subject: OPTION-2
From: gaidysheff@yandex.ru
To: gaidysheff@mail.ru
Date: Sun, 18 Sep 2022 16:44:21 -0000
Message-ID: <166351946137.11532.6488710742072394545@GAMEPC>

ПРОВЕРКА СОХРАНЯЕМОСТИ В ФАЙЛ. SUBJECT - НЕЧИТАЕМЫЙ
-------------------------------------------------------------------------------
Content-Type: text/plain; charset="utf-8"
MIME-Version: 1.0
Content-Transfer-Encoding: 8bit
Subject: OPTION-2
From: gaidysheff@yandex.ru
To: gaidysheff@gmail.com
Date: Sun, 18 Sep 2022 16:44:21 -0000
Message-ID: <166351946137.11532.2077761609725922213@GAMEPC>

ПРОВЕРКА СОХРАНЯЕМОСТИ В ФАЙЛ. SUBJECT - НЕЧИТАЕМЫЙ
-------------------------------------------------------------------------------
