Content-Type: text/plain; charset="utf-8"
MIME-Version: 1.0
Content-Transfer-Encoding: 8bit
Subject: 
 =?utf-8?b?0J/QvtC00L/QuNGB0LrQsCDQvdCwINGA0LDRgdGB0YvQu9C60YMuINCSINCf0Jg=?=
 =?utf-8?b?0KHQrNCc0JUg0KfQmNCi0JDQldCc0J4sINCSINCk0JDQmdCb0JUgLSDQndCV0Kc=?=
 =?utf-8?b?0JjQotCQ0JXQnNCe?=
From: gaidysheff@yandex.ru
To: gaidysheff@mail.ru
Date: Sun, 18 Sep 2022 09:15:02 -0000
Message-ID: <166349250283.8620.12693685329810092897@GAMEPC>

ПРОВЕРКА СОХРАНЯЕМОСТИ В ФАЙЛ. SUBJECT - НЕЧИТАЕМЫЙ
-------------------------------------------------------------------------------
Content-Type: text/plain; charset="utf-8"
MIME-Version: 1.0
Content-Transfer-Encoding: 8bit
Subject: 
 =?utf-8?b?0J/QvtC00L/QuNGB0LrQsCDQvdCwINGA0LDRgdGB0YvQu9C60YMuINCSINCf0Jg=?=
 =?utf-8?b?0KHQrNCc0JUg0KfQmNCi0JDQldCc0J4sINCSINCk0JDQmdCb0JUgLSDQndCV0Kc=?=
 =?utf-8?b?0JjQotCQ0JXQnNCe?=
From: gaidysheff@yandex.ru
To: gaidysheff@gmail.com
Date: Sun, 18 Sep 2022 09:15:02 -0000
Message-ID: <166349250284.8620.3630549227812299565@GAMEPC>

ПРОВЕРКА СОХРАНЯЕМОСТИ В ФАЙЛ. SUBJECT - НЕЧИТАЕМЫЙ
-------------------------------------------------------------------------------
