Content-Type: multipart/alternative;
 boundary="===============7331879313650497716=="
MIME-Version: 1.0
Subject: =?utf-8?b?0JLQsNGIINC+0YLQt9GL0LIg0L/QvtC70YPRh9C10L0=?=
From: aidysheff@yandex.ru
To: admin@example.com
Date: Wed, 05 Oct 2022 19:12:28 -0000
Message-ID: <166499714864.13532.3322340532249302473@GAMEPC>

--===============7331879313650497716==
Content-Type: text/html; charset="utf-8"
MIME-Version: 1.0
Content-Transfer-Encoding: 8bit

!DOCTYPE html>
<html lang="en">

<head>
  <meta charset="UTF-8">
  <title>Title</title>
</head>

<body>
  <h2>Отзыв на статью "Путешествие во времени — Запределье [Burning Crusade]"
    <a href="https://blogging.com/post/puteshestvie-vo-vremeni-zapredele-burning-crusade/">
    </a>
  </h2>
  <p> 
    
    подтверждён автором статьи:
    
    user1@example.com
  </p>
</body>

</html>
--===============7331879313650497716==--

-------------------------------------------------------------------------------
