Content-Type: text/plain; charset="utf-8"
MIME-Version: 1.0
Content-Transfer-Encoding: 8bit
Subject: 
 =?utf-8?b?0J/QvtC00L/QuNGB0LrQsCDQvdCwINGA0LDRgdGB0YvQu9C60YMuINCSINCf0Jg=?=
 =?utf-8?b?0KHQrNCc0JUg0KfQmNCi0JDQldCc0J4sINCSINCk0JDQmdCb0JUgLSDQndCV0Kc=?=
 =?utf-8?b?0JjQotCQ0JXQnNCe?=
From: gaidysheff@yandex.ru
To: gaidysheff@mail.ru
Date: Sun, 18 Sep 2022 09:56:14 -0000
Message-ID: <166349497404.5916.14840942387475730289@GAMEPC>

ПРОВЕРКА СОХРАНЯЕМОСТИ В ФАЙЛ. SUBJECT - НЕЧИТАЕМЫЙ
-------------------------------------------------------------------------------
Content-Type: text/plain; charset="utf-8"
MIME-Version: 1.0
Content-Transfer-Encoding: 8bit
Subject: 
 =?utf-8?b?0J/QvtC00L/QuNGB0LrQsCDQvdCwINGA0LDRgdGB0YvQu9C60YMuINCSINCf0Jg=?=
 =?utf-8?b?0KHQrNCc0JUg0KfQmNCi0JDQldCc0J4sINCSINCk0JDQmdCb0JUgLSDQndCV0Kc=?=
 =?utf-8?b?0JjQotCQ0JXQnNCe?=
From: gaidysheff@yandex.ru
To: gaidysheff@gmail.com
Date: Sun, 18 Sep 2022 09:56:14 -0000
Message-ID: <166349497404.5916.1067669376202696276@GAMEPC>

ПРОВЕРКА СОХРАНЯЕМОСТИ В ФАЙЛ. SUBJECT - НЕЧИТАЕМЫЙ
-------------------------------------------------------------------------------
