Content-Type: text/plain; charset="utf-8"
MIME-Version: 1.0
Content-Transfer-Encoding: 8bit
Subject: SENDING OPTION-1
From: gaidysheff@yandex.ru
To: gaidysheff@mail.ru, gaidysheff@gmail.com
Date: Thu, 22 Sep 2022 14:13:34 -0000
Message-ID: <166385601493.54312.12738566617568904192@XiaomiA30>

Вы зарегистрировались на MMORPG сайтe. user5@example.com
-------------------------------------------------------------------------------
Content-Type: text/plain; charset="utf-8"
MIME-Version: 1.0
Content-Transfer-Encoding: 8bit
Subject: SENDING OPTION-2
From: gaidysheff@yandex.ru
To: gaidysheff@mail.ru
Date: Thu, 22 Sep 2022 14:13:34 -0000
Message-ID: <166385601493.54312.6120895617144953802@XiaomiA30>

Добро пожаловать на MMORPG сайт. Вы зарегистрировались как: user5@example.com 
-------------------------------------------------------------------------------
Content-Type: text/plain; charset="utf-8"
MIME-Version: 1.0
Content-Transfer-Encoding: 8bit
Subject: SENDING OPTION-2
From: gaidysheff@yandex.ru
To: gaidysheff@gmail.com
Date: Thu, 22 Sep 2022 14:13:34 -0000
Message-ID: <166385601493.54312.9039250918242894694@XiaomiA30>

Добро пожаловать на MMORPG сайт. Вы зарегистрировались как: user5@example.com 
-------------------------------------------------------------------------------
