Content-Type: text/plain; charset="utf-8"
MIME-Version: 1.0
Content-Transfer-Encoding: 8bit
Subject: SENDING OPTION-1
From: gaidysheff@yandex.ru
To: gaidysheff@mail.ru, gaidysheff@gmail.com
Date: Thu, 22 Sep 2022 14:31:57 -0000
Message-ID: <166385711710.56428.7431061505472169381@XiaomiA30>

Вы зарегистрировались на MMORPG сайтe. user5@example.com
-------------------------------------------------------------------------------
Content-Type: text/plain; charset="utf-8"
MIME-Version: 1.0
Content-Transfer-Encoding: 8bit
Subject: SENDING OPTION-2
From: gaidysheff@yandex.ru
To: gaidysheff@mail.ru
Date: Thu, 22 Sep 2022 14:31:57 -0000
Message-ID: <166385711710.56428.13956888319564747626@XiaomiA30>

Добро пожаловать на MMORPG сайт. Вы зарегистрировались как: user5@example.com 
-------------------------------------------------------------------------------
Content-Type: text/plain; charset="utf-8"
MIME-Version: 1.0
Content-Transfer-Encoding: 8bit
Subject: SENDING OPTION-2
From: gaidysheff@yandex.ru
To: gaidysheff@gmail.com
Date: Thu, 22 Sep 2022 14:31:57 -0000
Message-ID: <166385711710.56428.7054312541533001781@XiaomiA30>

Добро пожаловать на MMORPG сайт. Вы зарегистрировались как: user5@example.com 
-------------------------------------------------------------------------------
