Content-Type: multipart/alternative;
 boundary="===============6354917035678902385=="
MIME-Version: 1.0
Subject: =?utf-8?b?0J3QvtCy0YvQuSDQvtGC0LfRi9CyINC+INCx0LvQvtCz0LU=?=
From: gaidysheff@yandex.ru
To: user2@example.ru
Date: Wed, 05 Oct 2022 05:05:11 -0000
Message-ID: <166494631143.33800.995712274334442436@XiaomiA30>

--===============6354917035678902385==
Content-Type: text/html; charset="utf-8"
MIME-Version: 1.0
Content-Transfer-Encoding: 8bit

<html lang="en">

<head>
  <meta charset="UTF-8">
  <title>Title</title>
</head>

<body>
  <h2>Вы получили новый отклик на:
    <a href="https://blogging.com/post/dni-pamyati-na-dvore-nedelya-urozhaya/">
      Дни памяти: на дворе Неделя урожая
    </a>
  </h2>
  <p>Посмотреть этот отклик от user11@example.com
    <a href="https://blogging.com/post/dni-pamyati-na-dvore-nedelya-urozhaya/">click here</a>
  </p>
</body>

</html>

--===============6354917035678902385==--

-------------------------------------------------------------------------------
