Content-Type: text/plain; charset="utf-8"
MIME-Version: 1.0
Content-Transfer-Encoding: 8bit
Subject: SENDING OPTION-1
From: gaidysheff@yandex.ru
To: gaidysheff@mail.ru, gaidysheff@gmail.com
Date: Thu, 22 Sep 2022 16:03:36 -0000
Message-ID: <166386261658.4272.16391405970623364809@XiaomiA30>

Вы зарегистрировались на MMORPG сайтe. user5@example.com
-------------------------------------------------------------------------------
Content-Type: text/plain; charset="utf-8"
MIME-Version: 1.0
Content-Transfer-Encoding: 8bit
Subject: SENDING OPTION-2
From: gaidysheff@yandex.ru
To: gaidysheff@mail.ru
Date: Thu, 22 Sep 2022 16:03:36 -0000
Message-ID: <166386261658.4272.1715069697798934134@XiaomiA30>

Добро пожаловать на MMORPG сайт. Вы зарегистрировались как: user5@example.com 
-------------------------------------------------------------------------------
Content-Type: text/plain; charset="utf-8"
MIME-Version: 1.0
Content-Transfer-Encoding: 8bit
Subject: SENDING OPTION-2
From: gaidysheff@yandex.ru
To: gaidysheff@gmail.com
Date: Thu, 22 Sep 2022 16:03:36 -0000
Message-ID: <166386261658.4272.2236764944531863782@XiaomiA30>

Добро пожаловать на MMORPG сайт. Вы зарегистрировались как: user5@example.com 
-------------------------------------------------------------------------------
