Content-Type: multipart/alternative;
 boundary="===============4520004644264239679=="
MIME-Version: 1.0
Subject: =?utf-8?b?0J3QvtCy0YvQuSDQvtGC0LfRi9CyINC+INCx0LvQvtCz0LU=?=
From: gaidysheff@yandex.ru
To: user1@example.com
Date: Wed, 05 Oct 2022 08:23:36 -0000
Message-ID: <166495821695.62941.18074672525104729687@XiaomiA30>

--===============4520004644264239679==
Content-Type: text/html; charset="utf-8"
MIME-Version: 1.0
Content-Transfer-Encoding: 8bit

<html lang="en">

<head>
  <meta charset="UTF-8">
  <title>Title</title>
</head>

<body>
  <h2>Вы получили новый отклик на:
      "Путешествие во времени — Запределье [Burning Crusade]"
    <a href="https://blogging.com/post/puteshestvie-vo-vremeni-zapredele-burning-crusade/">
    </a>
  </h2>
  <p>Посмотреть этот отклик от user2@example.ru
    <a href="https://blogging.com/post/puteshestvie-vo-vremeni-zapredele-burning-crusade/">Кликнуть здесь</a>
  </p>
</body>

</html>

--===============4520004644264239679==--

-------------------------------------------------------------------------------
