Content-Type: text/plain; charset="utf-8"
MIME-Version: 1.0
Content-Transfer-Encoding: 8bit
Subject: SENDING OPTION-1
From: gaidysheff@yandex.ru
To: gaidysheff@mail.ru, gaidysheff@gmail.com
Date: Thu, 22 Sep 2022 16:21:06 -0000
Message-ID: <166386366672.6569.444315758216727347@XiaomiA30>

Вы зарегистрировались на MMORPG сайтe. user5@example.com
-------------------------------------------------------------------------------
Content-Type: text/plain; charset="utf-8"
MIME-Version: 1.0
Content-Transfer-Encoding: 8bit
Subject: SENDING OPTION-2
From: gaidysheff@yandex.ru
To: gaidysheff@mail.ru
Date: Thu, 22 Sep 2022 16:21:06 -0000
Message-ID: <166386366672.6569.13435368140359472248@XiaomiA30>

Добро пожаловать на MMORPG сайт. Вы зарегистрировались как: user5@example.com 
-------------------------------------------------------------------------------
Content-Type: text/plain; charset="utf-8"
MIME-Version: 1.0
Content-Transfer-Encoding: 8bit
Subject: SENDING OPTION-2
From: gaidysheff@yandex.ru
To: gaidysheff@gmail.com
Date: Thu, 22 Sep 2022 16:21:06 -0000
Message-ID: <166386366672.6569.9357385350405019820@XiaomiA30>

Добро пожаловать на MMORPG сайт. Вы зарегистрировались как: user5@example.com 
-------------------------------------------------------------------------------
