Content-Type: text/plain; charset="utf-8"
MIME-Version: 1.0
Content-Transfer-Encoding: 8bit
Subject: SENDING OPTION-1
From: gaidysheff@yandex.ru
To: gaidysheff@mail.ru, gaidysheff@gmail.com
Date: Fri, 23 Sep 2022 12:29:45 -0000
Message-ID: <166393618561.27182.139768565364414117@XiaomiA30>

Вы зарегистрировались на MMORPG сайтe. user5@example.com
-------------------------------------------------------------------------------
Content-Type: text/plain; charset="utf-8"
MIME-Version: 1.0
Content-Transfer-Encoding: 8bit
Subject: SENDING OPTION-2
From: gaidysheff@yandex.ru
To: gaidysheff@mail.ru
Date: Fri, 23 Sep 2022 12:29:45 -0000
Message-ID: <166393618561.27182.10346929020972321059@XiaomiA30>

Добро пожаловать на MMORPG сайт. Вы зарегистрировались как: user5@example.com 
-------------------------------------------------------------------------------
Content-Type: text/plain; charset="utf-8"
MIME-Version: 1.0
Content-Transfer-Encoding: 8bit
Subject: SENDING OPTION-2
From: gaidysheff@yandex.ru
To: gaidysheff@gmail.com
Date: Fri, 23 Sep 2022 12:29:45 -0000
Message-ID: <166393618561.27182.16836841735295647759@XiaomiA30>

Добро пожаловать на MMORPG сайт. Вы зарегистрировались как: user5@example.com 
-------------------------------------------------------------------------------
